<?xml version="1.0" encoding="UTF-8"?>
<testng-results skipped="0" failed="0" total="1" passed="1">
  <reporter-output>
  </reporter-output>
  <suite name="Default suite" duration-ms="35" started-at="2020-05-17T13:35:16Z" finished-at="2020-05-17T13:35:16Z">
    <groups>
    </groups>
    <test name="Default test" duration-ms="35" started-at="2020-05-17T13:35:16Z" finished-at="2020-05-17T13:35:16Z">
      <class name="tesngbasics.ExceptionTimeoutTest">
        <test-method status="PASS" signature="exceptionTest()" name="exceptionTest" duration-ms="14" started-at="2020-05-17T13:35:16Z" finished-at="2020-05-17T13:35:16Z">
        </test-method>
      </class>
    </test>
  </suite>
</testng-results>
